<?xml version="1.0" encoding="UTF-8"?>
<testsuite xmlns:xsi="http://www.w3.org/2001/XMLSchema-instance" xsi:noNamespaceSchemaLocation="https://maven.apache.org/surefire/maven-surefire-plugin/xsd/surefire-test-report-3.0.xsd" version="3.0" name="com.ucv.controllers.AdminDashboardControllerTest" time="0.917" tests="3" errors="0" skipped="0" failures="0">
  <properties>
    <property name="java.specification.version" value="21"/>
    <property name="sun.cpu.isalist" value="amd64"/>
    <property name="sun.jnu.encoding" value="Cp1252"/>
    <property name="sun.awt.enableExtraMouseButtons" value="true"/>
    <property name="java.class.path" value="C:\Users\carlo\OneDrive\Escritorio\ProyectoIS\comedor-app\target\test-classes;C:\Users\carlo\OneDrive\Escritorio\ProyectoIS\comedor-app\target\classes;C:\Users\carlo\.m2\repository\junit\junit\3.8.1\junit-3.8.1.jar;C:\Users\carlo\.m2\repository\org\junit\jupiter\junit-jupiter\5.9.3\junit-jupiter-5.9.3.jar;C:\Users\carlo\.m2\repository\org\junit\jupiter\junit-jupiter-api\5.9.3\junit-jupiter-api-5.9.3.jar;C:\Users\carlo\.m2\repository\org\opentest4j\opentest4j\1.2.0\opentest4j-1.2.0.jar;C:\Users\carlo\.m2\repository\org\junit\platform\junit-platform-commons\1.9.3\junit-platform-commons-1.9.3.jar;C:\Users\carlo\.m2\repository\org\apiguardian\apiguardian-api\1.1.2\apiguardian-api-1.1.2.jar;C:\Users\carlo\.m2\repository\org\junit\jupiter\junit-jupiter-params\5.9.3\junit-jupiter-params-5.9.3.jar;C:\Users\carlo\.m2\repository\org\junit\jupiter\junit-jupiter-engine\5.9.3\junit-jupiter-engine-5.9.3.jar;C:\Users\carlo\.m2\repository\org\junit\platform\junit-platform-engine\1.9.3\junit-platform-engine-1.9.3.jar;C:\Users\carlo\.m2\repository\org\mockito\mockito-core\5.12.0\mockito-core-5.12.0.jar;C:\Users\carlo\.m2\repository\net\bytebuddy\byte-buddy\1.14.15\byte-buddy-1.14.15.jar;C:\Users\carlo\.m2\repository\net\bytebuddy\byte-buddy-agent\1.14.15\byte-buddy-agent-1.14.15.jar;C:\Users\carlo\.m2\repository\org\objenesis\objenesis\3.3\objenesis-3.3.jar;C:\Users\carlo\.m2\repository\org\json\json\20230227\json-20230227.jar;"/>
    <property name="java.vm.vendor" value="Eclipse Adoptium"/>
    <property name="sun.arch.data.model" value="64"/>
    <property name="user.variant" value=""/>
    <property name="java.vendor.url" value="https://adoptium.net/"/>
    <property name="user.timezone" value="America/Caracas"/>
    <property name="os.name" value="Windows 10"/>
    <property name="java.vm.specification.version" value="21"/>
    <property name="sun.java.launcher" value="SUN_STANDARD"/>
    <property name="user.country" value="US"/>
    <property name="sun.boot.library.path" value="C:\Program Files\Eclipse Adoptium\jdk-21.0.7.6-hotspot\bin"/>
    <property name="sun.java.command" value="C:\Users\carlo\AppData\Local\Temp\surefire14692994903181385079\surefirebooter-20250731183629601_3.jar C:\Users\carlo\AppData\Local\Temp\surefire14692994903181385079 2025-07-31T18-36-29_385-jvmRun1 surefire-20250731183629601_1tmp surefire_0-20250731183629601_2tmp"/>
    <property name="jdk.debug" value="release"/>
    <property name="surefire.test.class.path" value="C:\Users\carlo\OneDrive\Escritorio\ProyectoIS\comedor-app\target\test-classes;C:\Users\carlo\OneDrive\Escritorio\ProyectoIS\comedor-app\target\classes;C:\Users\carlo\.m2\repository\junit\junit\3.8.1\junit-3.8.1.jar;C:\Users\carlo\.m2\repository\org\junit\jupiter\junit-jupiter\5.9.3\junit-jupiter-5.9.3.jar;C:\Users\carlo\.m2\repository\org\junit\jupiter\junit-jupiter-api\5.9.3\junit-jupiter-api-5.9.3.jar;C:\Users\carlo\.m2\repository\org\opentest4j\opentest4j\1.2.0\opentest4j-1.2.0.jar;C:\Users\carlo\.m2\repository\org\junit\platform\junit-platform-commons\1.9.3\junit-platform-commons-1.9.3.jar;C:\Users\carlo\.m2\repository\org\apiguardian\apiguardian-api\1.1.2\apiguardian-api-1.1.2.jar;C:\Users\carlo\.m2\repository\org\junit\jupiter\junit-jupiter-params\5.9.3\junit-jupiter-params-5.9.3.jar;C:\Users\carlo\.m2\repository\org\junit\jupiter\junit-jupiter-engine\5.9.3\junit-jupiter-engine-5.9.3.jar;C:\Users\carlo\.m2\repository\org\junit\platform\junit-platform-engine\1.9.3\junit-platform-engine-1.9.3.jar;C:\Users\carlo\.m2\repository\org\mockito\mockito-core\5.12.0\mockito-core-5.12.0.jar;C:\Users\carlo\.m2\repository\net\bytebuddy\byte-buddy\1.14.15\byte-buddy-1.14.15.jar;C:\Users\carlo\.m2\repository\net\bytebuddy\byte-buddy-agent\1.14.15\byte-buddy-agent-1.14.15.jar;C:\Users\carlo\.m2\repository\org\objenesis\objenesis\3.3\objenesis-3.3.jar;C:\Users\carlo\.m2\repository\org\json\json\20230227\json-20230227.jar;"/>
    <property name="sun.cpu.endian" value="little"/>
    <property name="user.home" value="C:\Users\carlo"/>
    <property name="user.language" value="es"/>
    <property name="java.specification.vendor" value="Oracle Corporation"/>
    <property name="java.version.date" value="2025-04-15"/>
    <property name="java.home" value="C:\Program Files\Eclipse Adoptium\jdk-21.0.7.6-hotspot"/>
    <property name="file.separator" value="\"/>
    <property name="basedir" value="C:\Users\carlo\OneDrive\Escritorio\ProyectoIS\comedor-app"/>
    <property name="java.vm.compressedOopsMode" value="32-bit"/>
    <property name="line.separator" value="&#10;"/>
    <property name="java.vm.specification.vendor" value="Oracle Corporation"/>
    <property name="java.specification.name" value="Java Platform API Specification"/>
    <property name="surefire.real.class.path" value="C:\Users\carlo\AppData\Local\Temp\surefire14692994903181385079\surefirebooter-20250731183629601_3.jar"/>
    <property name="user.script" value=""/>
    <property name="sun.management.compiler" value="HotSpot 64-Bit Tiered Compilers"/>
    <property name="java.runtime.version" value="21.0.7+6-LTS"/>
    <property name="user.name" value="carlo"/>
    <property name="stdout.encoding" value="Cp1252"/>
    <property name="path.separator" value=";"/>
    <property name="os.version" value="10.0"/>
    <property name="java.runtime.name" value="OpenJDK Runtime Environment"/>
    <property name="file.encoding" value="UTF-8"/>
    <property name="java.vm.name" value="OpenJDK 64-Bit Server VM"/>
    <property name="java.vendor.version" value="Temurin-21.0.7+6"/>
    <property name="localRepository" value="C:\Users\carlo\.m2\repository"/>
    <property name="java.vendor.url.bug" value="https://github.com/adoptium/adoptium-support/issues"/>
    <property name="java.io.tmpdir" value="C:\Users\carlo\AppData\Local\Temp\"/>
    <property name="java.version" value="21.0.7"/>
    <property name="user.dir" value="C:\Users\carlo\OneDrive\Escritorio\ProyectoIS\comedor-app"/>
    <property name="os.arch" value="amd64"/>
    <property name="java.vm.specification.name" value="Java Virtual Machine Specification"/>
    <property name="sun.os.patch.level" value=""/>
    <property name="native.encoding" value="Cp1252"/>
    <property name="java.library.path" value="C:\Program Files\Eclipse Adoptium\jdk-21.0.7.6-hotspot\bin;C:\Windows\Sun\Java\bin;C:\Windows\system32;C:\Windows;C:\Program Files\Eclipse Adoptium\jdk-21.0.7.6-hotspot\bin;C:\Windows\system32;C:\Windows;C:\Windows\System32\Wbem;C:\Windows\System32\WindowsPowerShell\v1.0\;C:\Windows\System32\OpenSSH\;C:\Program Files\Git\cmd;C:\Users\carlo\AppData\Roaming\nvm;C:\nvm4w\nodejs;C:\Program Files\dotnet\;C:\Program Files\Docker\Docker\resources\bin;C:\MinGW\bin;C:\Users\carlo\AppData\Local\Programs\Python\Python313\Scripts;C:\Program Files\Eclipse Adoptium\jdk-21.0.7.6-hotspot\\bin;C:\Users\carlo\OneDrive\Documentos\Maven\apache-maven-3.9.10\bin;C:\Program Files\nodejs\;C:\Users\carlo\AppData\Local\Programs\Python\Python313\Scripts\;C:\Users\carlo\AppData\Local\Programs\Python\Python313\;C:\Users\carlo\AppData\Local\Programs\Python\Launcher\;C:\Users\carlo\AppData\Local\pnpm;C:\Users\carlo\AppData\Local\Microsoft\WindowsApps;C:\Users\carlo\AppData\Local\Programs\Microsoft VS Code\bin;C:\Program Files\Git\cmd;C:\Users\carlo\AppData\Roaming\nvm;C:\nvm4w\nodejs;C:\Users\carlo\AppData\Roaming\npm;c:\Users\carlo\AppData\Roaming\Code\User\globalStorage\github.copilot-chat\debugCommand;."/>
    <property name="java.vm.info" value="mixed mode, sharing"/>
    <property name="stderr.encoding" value="Cp1252"/>
    <property name="java.vendor" value="Eclipse Adoptium"/>
    <property name="java.vm.version" value="21.0.7+6-LTS"/>
    <property name="sun.io.unicode.encoding" value="UnicodeLittle"/>
    <property name="java.class.version" value="65.0"/>
  </properties>
  <testcase name="testChangePasswordListener" classname="com.ucv.controllers.AdminDashboardControllerTest" time="0.697">
    <system-err><![CDATA[Error: No se pudo cargar la fuente 'Inter-Regular.ttf'. Usando fuente por defecto.
Error: No se pudo cargar la fuente 'Inter-Regular.ttf'. Usando fuente por defecto.
]]></system-err>
  </testcase>
  <testcase name="testShowUserMenuListener" classname="com.ucv.controllers.AdminDashboardControllerTest" time="0.089">
    <system-err><![CDATA[Error: No se pudo cargar la fuente 'Inter-Regular.ttf'. Usando fuente por defecto.
Error: No se pudo cargar la fuente 'Inter-Regular.ttf'. Usando fuente por defecto.
]]></system-err>
  </testcase>
  <testcase name="testReportProblemListener" classname="com.ucv.controllers.AdminDashboardControllerTest" time="0.079">
    <system-err><![CDATA[Error: No se pudo cargar la fuente 'Inter-Regular.ttf'. Usando fuente por defecto.
Error: No se pudo cargar la fuente 'Inter-Regular.ttf'. Usando fuente por defecto.
]]></system-err>
  </testcase>
</testsuite>